<?xml version="1.0" encoding="UTF-8" ?>
<testsuite errors="0" failures="0" hostname="Calvins-MacBook-Pro.local" name="Matrix.NavigableMatrixTest" skipped="0" tests="17" time="0.057" timestamp="2024-04-18T01:19:56">
  <properties>
    <property name="ant.library.dir" value="/opt/homebrew/Cellar/ant/1.10.14/libexec/lib" />
    <property name="ant.file.type" value="file" />
    <property name="java.specification.version" value="21" />
    <property name="ant.project.name" value="matrix" />
    <property name="sun.jnu.encoding" value="UTF-8" />
    <property name="java.class.path" value="/opt/homebrew/Cellar/ant/1.10.14/libexec/lib/hamcrest-2.2.jar:/Users/calvincai/Desktop/School/Junior Year/Semester 2/CSDS 293/JavaGenericsMatrix/build:/opt/homebrew/Cellar/ant/1.10.14/libexec/lib/junit-4.13.jar:/opt/homebrew/Cellar/ant/1.10.14/libexec/lib/ant-launcher.jar:/opt/homebrew/Cellar/ant/1.10.14/libexec/lib/ant.jar:/opt/homebrew/Cellar/ant/1.10.14/libexec/lib/ant-junit.jar:/opt/homebrew/Cellar/ant/1.10.14/libexec/lib/ant-junit4.jar" />
    <property name="java.vm.vendor" value="Homebrew" />
    <property name="sun.arch.data.model" value="64" />
    <property name="java.vendor.url" value="https://github.com/Homebrew/homebrew-core/issues" />
    <property name="java.vm.specification.version" value="21" />
    <property name="os.name" value="Mac OS X" />
    <property name="sun.java.launcher" value="SUN_STANDARD" />
    <property name="user.country" value="US" />
    <property name="sun.boot.library.path" value="/opt/homebrew/Cellar/openjdk/21.0.2/libexec/openjdk.jdk/Contents/Home/lib" />
    <property name="output.dir" value="output" />
    <property name="sun.java.command" value="org.apache.tools.ant.taskdefs.optional.junit.JUnitTestRunner Matrix.NavigableMatrixTest skipNonTests=false filtertrace=false haltOnError=false haltOnFailure=false formatter=org.apache.tools.ant.taskdefs.optional.junit.OutErrSummaryJUnitResultFormatter showoutput=false outputtoformatters=true logfailedtests=true threadid=0 logtestlistenerevents=false formatter=org.apache.tools.ant.taskdefs.optional.junit.XMLJUnitResultFormatter,/Users/calvincai/Desktop/School/Junior Year/Semester 2/CSDS 293/JavaGenericsMatrix/report/junit/TEST-Matrix.NavigableMatrixTest.xml crashfile=/Users/calvincai/Desktop/School/Junior Year/Semester 2/CSDS 293/JavaGenericsMatrix/junitvmwatcher1779133816848160326.properties propsfile=/Users/calvincai/Desktop/School/Junior Year/Semester 2/CSDS 293/JavaGenericsMatrix/junit15520429617919007131.properties" />
    <property name="http.nonProxyHosts" value="local|*.local|169.254/16|*.169.254/16" />
    <property name="jdk.debug" value="release" />
    <property name="sun.cpu.endian" value="little" />
    <property name="user.home" value="/Users/calvincai" />
    <property name="user.language" value="en" />
    <property name="java.specification.vendor" value="Oracle Corporation" />
    <property name="_jacoco.agentFile" value="/var/folders/ml/c0bsjsdn7hb0h3mb5d807klh0000gn/T/jacocoagent14128793699265094383.jar" />
    <property name="java.version.date" value="2024-01-16" />
    <property name="java.home" value="/opt/homebrew/Cellar/openjdk/21.0.2/libexec/openjdk.jdk/Contents/Home" />
    <property name="basedir" value="/Users/calvincai/Desktop/School/Junior Year/Semester 2/CSDS 293/JavaGenericsMatrix" />
    <property name="file.separator" value="/" />
    <property name="java.vm.compressedOopsMode" value="Zero based" />
    <property name="jacoco.file" value="report/jacoco/jacoco.exec" />
    <property name="line.separator" value="&#xa;" />
    <property name="ant.java.version" value="21" />
    <property name="java.specification.name" value="Java Platform API Specification" />
    <property name="java.vm.specification.vendor" value="Oracle Corporation" />
    <property name="doc.dir" value="doc" />
    <property name="apple.awt.application.name" value="JUnitTestRunner" />
    <property name="sun.management.compiler" value="HotSpot 64-Bit Tiered Compilers" />
    <property name="ftp.nonProxyHosts" value="local|*.local|169.254/16|*.169.254/16" />
    <property name="java.runtime.version" value="21.0.2" />
    <property name="user.name" value="calvincai" />
    <property name="ant.file" value="/Users/calvincai/Desktop/School/Junior Year/Semester 2/CSDS 293/JavaGenericsMatrix/build.xml" />
    <property name="stdout.encoding" value="UTF-8" />
    <property name="path.separator" value=":" />
    <property name="jacoco.dir" value="report/jacoco" />
    <property name="os.version" value="14.1" />
    <property name="java.runtime.name" value="OpenJDK Runtime Environment" />
    <property name="file.encoding" value="UTF-8" />
    <property name="ant.project.invoked-targets" value="report" />
    <property name="ant.file.type.matrix" value="file" />
    <property name="java.vm.name" value="OpenJDK 64-Bit Server VM" />
    <property name="java.vendor.version" value="Homebrew" />
    <property name="report.dir" value="report" />
    <property name="junit.dir" value="report/junit" />
    <property name="build.dir" value="build" />
    <property name="ant.core.lib" value="/opt/homebrew/Cellar/ant/1.10.14/libexec/lib/ant.jar" />
    <property name="java.vendor.url.bug" value="https://github.com/Homebrew/homebrew-core/issues" />
    <property name="java.io.tmpdir" value="/var/folders/ml/c0bsjsdn7hb0h3mb5d807klh0000gn/T/" />
    <property name="java.version" value="21.0.2" />
    <property name="user.dir" value="/Users/calvincai/Desktop/School/Junior Year/Semester 2/CSDS 293/JavaGenericsMatrix" />
    <property name="os.arch" value="aarch64" />
    <property name="java.vm.specification.name" value="Java Virtual Machine Specification" />
    <property name="output.file" value="output/output.txt" />
    <property name="ant.home" value="/opt/homebrew/Cellar/ant/1.10.14/libexec" />
    <property name="error.file" value="output/error.txt" />
    <property name="native.encoding" value="UTF-8" />
    <property name="ant.version" value="Apache Ant(TM) version 1.10.14 compiled on August 16 2023" />
    <property name="java.library.path" value="/Users/calvincai/Library/Java/Extensions:/Library/Java/Extensions:/Network/Library/Java/Extensions:/System/Library/Java/Extensions:/usr/lib/java:." />
    <property name="java.vendor" value="Homebrew" />
    <property name="stderr.encoding" value="UTF-8" />
    <property name="java.vm.info" value="mixed mode, sharing" />
    <property name="java.vm.version" value="21.0.2" />
    <property name="ant.file.matrix" value="/Users/calvincai/Desktop/School/Junior Year/Semester 2/CSDS 293/JavaGenericsMatrix/build.xml" />
    <property name="sun.io.unicode.encoding" value="UnicodeBig" />
    <property name="socksNonProxyHosts" value="local|*.local|169.254/16|*.169.254/16" />
    <property name="java.class.version" value="65.0" />
    <property name="src.dir" value="src" />
  </properties>
  <testcase classname="Matrix.NavigableMatrixTest" name="testRepresentation" time="0.005" />
  <testcase classname="Matrix.NavigableMatrixTest" name="testInstanceMethod" time="0.0" />
  <testcase classname="Matrix.NavigableMatrixTest" name="testIdentityMethod" time="0.001" />
  <testcase classname="Matrix.NavigableMatrixTest" name="testConstantMethod" time="0.0" />
  <testcase classname="Matrix.NavigableMatrixTest" name="testValue" time="0.0" />
  <testcase classname="Matrix.NavigableMatrixTest" name="testZero" time="0.0" />
  <testcase classname="Matrix.NavigableMatrixTest" name="testFromNavigableMap" time="0.001" />
  <testcase classname="Matrix.NavigableMatrixTest" name="testEntryWiseError" time="0.001" />
  <testcase classname="Matrix.NavigableMatrixTest" name="testEntrywise" time="0.002" />
  <testcase classname="Matrix.NavigableMatrixTest" name="testInvalidLength" time="0.0" />
  <testcase classname="Matrix.NavigableMatrixTest" name="testFromArray" time="0.0" />
  <testcase classname="Matrix.NavigableMatrixTest" name="testRowAndColumn" time="0.002" />
  <testcase classname="Matrix.NavigableMatrixTest" name="testMultiply" time="0.001" />
  <testcase classname="Matrix.NavigableMatrixTest" name="testInconsistentZero" time="0.001" />
  <testcase classname="Matrix.NavigableMatrixTest" name="testMerge1" time="0.0" />
  <testcase classname="Matrix.NavigableMatrixTest" name="testTranspose" time="0.0" />
  <testcase classname="Matrix.NavigableMatrixTest" name="testMultiplyError" time="0.0" />
  <system-out><![CDATA[]]></system-out>
  <system-err><![CDATA[]]></system-err>
</testsuite>
